<?xml version="1.0" encoding="UTF-8" ?>
<testsuite errors="0" failures="1" hostname="plb" name="triangle.TriangleTest" skipped="0" tests="1" time="0.043" timestamp="2024-02-26T10:40:24">
  <properties>
[...]
</properties>
  <testcase classname="triangle.TriangleTest" name="test" time="0.009">
    <failure message="expected:&lt;Scalene&gt; but was:&lt;Isoceles&gt;" type="junit.framework.AssertionFailedError">junit.framework.AssertionFailedError: expected:&lt;Scalene&gt; but was:&lt;Isoceles&gt;
	at triangle.TriangleTest.test(Unknown Source)
	at java.base/jdk.internal.reflect.NativeMethodAccessorImpl.invoke0(Native Method)
	at java.base/jdk.internal.reflect.NativeMethodAccessorImpl.invoke(NativeMethodAccessorImpl.java:62)
	at java.base/jdk.internal.reflect.DelegatingMethodAccessorImpl.invoke(DelegatingMethodAccessorImpl.java:43)
	at java.base/jdk.internal.reflect.NativeMethodAccessorImpl.invoke0(Native Method)
	at java.base/jdk.internal.reflect.NativeMethodAccessorImpl.invoke(NativeMethodAccessorImpl.java:62)
	at java.base/jdk.internal.reflect.DelegatingMethodAccessorImpl.invoke(DelegatingMethodAccessorImpl.java:43)
</failure>
  </testcase>
  <system-out><![CDATA[]]></system-out>
  <system-err><![CDATA[]]></system-err>
</testsuite>
